Debug: Total Renoise keybindings found - 6681
0001:Automation:Paketti: ∿ Impulse Tracker ALT-D Double Select W/ Automation: Command + D
0002:Global:Martblek: ∿ Almost Drums NG: Control + Grave
0003:Global:Paketti: ∿ BPM Decrease (-0.1): Shift + RBracket
0004:Global:Paketti: ∿ BPM Decrease (-0.5): Shift + Control + Backslash
0005:Global:Paketti: ∿ BPM Decrease (-1): Backslash
0006:Global:Paketti: ∿ BPM Increase (+0.1): Command + RBracket
0007:Global:Paketti: ∿ BPM Increase (+0.5): Control + Backslash
0008:Global:Paketti: ∿ BPM Increase (+1): Shift + Backslash
0009:Global:Paketti: ∿ Capture Nearest Instrument and Octave (jump): Return
0010:Global:Paketti: ∿ Clean Render&Save Selected Track/Group (.WAV): Shift + Control + R
0011:Global:Paketti: ∿ Clear All TrackDSPs from Current Track: Shift + Option + T
0012:Global:Paketti: ∿ Clear PitchStep Steps: Shift + Option + P
0013:Global:Paketti: ∿ Copy Above Effect Column: Command + Backslash
0014:Global:Paketti: ∿ Copy Above Effect Column + Decrease Value: Shift + Option + Backslash
0015:Global:Paketti: ∿ Copy Above Effect Column + Increase Value: Option + Backslash
0016:Global:Paketti: ∿ Create New Instrument & Loop from Selection: Option + Command + Right
0017:Global:Paketti: ∿ Crossfade Loop: Shift + Command + C
0018:Global:Paketti: ∿ Cycle Paketti Dynamic View 01: F2
0019:Global:Paketti: ∿ Cycle Paketti Dynamic View 02: F3
0020:Global:Paketti: ∿ Cycle Paketti Dynamic View 03: F4
0021:Global:Paketti: ∿ Cycle Paketti Dynamic View 04: F11
0022:Global:Paketti: ∿ Duplicate Effect Column Content to Pattern or Selection: Option + X
0023:Global:Paketti: ∿ Duplicate Instrument and Select New Instrument: Shift + Command + D
0024:Global:Paketti: ∿ Duplicate and Reverse Instrument: Shift + Command + R
0025:Global:Paketti: ∿ F4 Shift Midi Immediately: Shift + F4
0026:Global:Paketti: ∿ Flood Fill Automation Selection: Option + Y
0027:Global:Paketti: ∿ Flood Fill Column with Row: Shift + Option + Control + Down
0028:Global:Paketti: ∿ Flood Fill Column with Row by EditStep: Shift + Option + Command + Down
0029:Global:Paketti: ∿ Hide All Effect Columns: Option + H
0030:Global:Paketti: ∿ Hide Track DSP Device External Editors for All Tracks: Command + H
0031:Global:Paketti: ∿ Impulse Tracker ALT-Y Swap Block: Command + Y
0032:Global:Paketti: ∿ Impulse Tracker F12 Master: F12
0033:Global:Paketti: ∿ Impulse Tracker F5 Start Playback: F5
0034:Global:Paketti: ∿ Impulse Tracker F7 Start Playback from Cursor Row: F7
0035:Global:Paketti: ∿ Impulse Tracker F7 Start Playback from Cursor Row (2nd): RControl
0036:Global:Paketti: ∿ Impulse Tracker F8 Stop Playback (Panic): F8
0037:Global:Paketti: ∿ Insert Inverter Device to TrackDSP/SampleFX: Option + I
0038:Global:Paketti: ∿ Insert Stereo -&gt; Mono device to End of DSP Chain: Option + S
0039:Global:Paketti: ∿ LFO Write Single Parameter Write to Automation: Shift + Control + 1
0040:Global:Paketti: ∿ LFO Write to Phrase LPB (1-64): Option + Grave
0041:Global:Paketti: ∿ LFO Write to Selected Automation Parameter: Shift + Option + Grave
0042:Global:Paketti: ∿ Load Device (AudioUnit) Transient Shaper: Shift + E
0043:Global:Paketti: ∿ Load Device Chain EQ10 Macro Experimental: Shift + Q
0044:Global:Paketti: ∿ Load FabFilter One: Option + F
0045:Global:Paketti: ∿ Load Plugin Amigo (AU): Option + A
0046:Global:Paketti: ∿ Load Plugin Vintage (AU): Shift + Control + V
0047:Global:Paketti: ∿ Load Random AKWF Sample: Shift + Command + 1
0048:Global:Paketti: ∿ Load Random Samples (12) into Single Instrument: Shift + Option + 1
0049:Global:Paketti: ∿ Load Random Samples (32) from Path: Shift + Command + Control + P
0050:Global:Paketti: ∿ Load Random amount (1...12) of AKWF Samples: Shift + Option + 2
0051:Global:Paketti: ∿ Load U-He Zebra (VST): Option + Z
0052:Global:Paketti: ∿ Modify PitchStep Steps (Hard Detune): Shift + Option + Command + Control + P
0053:Global:Paketti: ∿ Modify PitchStep Steps (Octave Up+2, Octave Down-2): Option + Command + P
0054:Global:Paketti: ∿ Modify PitchStep Steps (Octave Up, Octave Down): Shift + Command + P
0055:Global:Paketti: ∿ Modify PitchStep Steps (Random): Shift + Option + Command + P
0056:Global:Paketti: ∿ Normalize Sample Slices Independently: Shift + Command + N
0057:Global:Paketti: ∿ Normalize Selected Sample or Slice: Command + N
0058:Global:Paketti: ∿ Nudge Delay Output Delay +01ms (Rename): Control + Minus
0059:Global:Paketti: ∿ Nudge Delay Output Delay -01ms: Control + Slash
0060:Global:Paketti: ∿ OctaMED Note Spread Decrement: Shift + Command + Control + Left
0061:Global:Paketti: ∿ OctaMED Note Spread Increment: Shift + Command + Control + Right
0062:Global:Paketti: ∿ Open External Editor for Plugin: Apostrophe
0063:Global:Paketti: ∿ Open Oblique Strategies Dialog...: Control + O
0064:Global:Paketti: ∿ Open Paketti Init Phrase Dialog...: Command + I
0065:Global:Paketti: ∿ Open Player Pro Note Column Dialog...: Option + E
0066:Global:Paketti: ∿ PTI Export: Option + Control + P
0067:Global:Paketti: ∿ Paketti Audio Processing Tools Dialog...: Control + A
0068:Global:Paketti: ∿ Paketti Automation: Option + T
0069:Global:Paketti: ∿ Paketti Gater Dialog...: Control + G
0070:Global:Paketti: ∿ Paketti Groovebox 8120: Option + 8
0071:Global:Paketti: ∿ Paketti Overdub 12 (No Metronome/No Line Input): Command + Minus
0072:Global:Paketti: ∿ Paketti PitchBend Drumkit Sample Loader: Shift + Command + O
0073:Global:Paketti: ∿ Paketti PitchBend Drumkit Sample Loader (Random): Option + Command + O
0074:Global:Paketti: ∿ Paketti PitchBend Multiple Sample Loader: Command + O
0075:Global:Paketti: ∿ Paketti PitchBend Multiple Sample Loader (Normalize): Shift + Option + O
0076:Global:Paketti: ∿ Paketti Save Selected Sample .WAV: Command + W
0077:Global:Paketti: ∿ Paketti Save Selected Sample Range .WAV: Shift + Command + W
0078:Global:Paketti: ∿ Paketti Stacker Dialog...: Shift + Control + P
0079:Global:Paketti: ∿ Paketti Steppers Dialog...: Control + D
0080:Global:Paketti: ∿ Paketti Unison Generator: Option + U
0081:Global:Paketti: ∿ Paketti eSpeak Text-to-Speech Dialog...: Control + E
0082:Global:Paketti: ∿ Pakettify Current Instrument: Shift + Control + 8
0083:Global:Paketti: ∿ Pattern Effect Command CheatSheet: F1
0084:Global:Paketti: ∿ Previous Wavetable Cycle: Control + W
0085:Global:Paketti: ∿ Randomize Automation Envelope: Shift + Option + R
0086:Global:Paketti: ∿ Randomize Automation Envelopes for Device: Option + Command + R
0087:Global:Paketti: ∿ Randomize Effect Column Parameters: Shift + Option + X
0088:Global:Paketti: ∿ Randomize Selected Device: Option + R
0089:Global:Paketti: ∿ Randomize Selected Instrument Modulation Filter Type: Shift + Option + M
0090:Global:Paketti: ∿ Record+Follow Toggle (2nd): RShift
0091:Global:Paketti: ∿ Record+Follow+Metronome Toggle: Shift + Escape
0092:Global:Paketti: ∿ Reset Nudge Delay Output Delay to 0ms (ALL): Control + 0
0093:Global:Paketti: ∿ Select First Instrument Box Slot: Shift + Option + Control + 1
0094:Global:Paketti: ∿ Select Next Chunk (00..F0): Shift + Option + Command + Right
0095:Global:Paketti: ∿ Select Random Instrument (Sample,Plugin,MIDI): Shift + Option + Q
0096:Global:Paketti: ∿ Select Specific Track 01: Shift + 1
0097:Global:Paketti: ∿ Select Specific Track 02: Shift + 2
0098:Global:Paketti: ∿ Select Specific Track 03: Shift + 3
0099:Global:Paketti: ∿ Select Specific Track 04: Shift + 4
0100:Global:Paketti: ∿ Select Specific Track 05: Shift + 5
0101:Global:Paketti: ∿ Select Specific Track 06: Shift + 6
0102:Global:Paketti: ∿ Select Specific Track 07: Shift + 7
0103:Global:Paketti: ∿ Select Specific Track 08: Shift + 8
0104:Global:Paketti: ∿ Select Specific Track 09: Shift + 9
0105:Global:Paketti: ∿ Select Specific Track 10: Shift + 0
0106:Global:Paketti: ∿ Sequence Selection (Next): Command + Control + 2
0107:Global:Paketti: ∿ Sequence Selection (Previous): Command + Control + 1
0108:Global:Paketti: ∿ Set to One-Shot + NNA Continue: Shift + Option + C
0109:Global:Paketti: ∿ Show Automation Value Dialog...: Shift + Option + A
0110:Global:Paketti: ∿ Show Paketti Formula Device Manual Dialog...: Shift + Option + F
0111:Global:Paketti: ∿ Show Paketti KeyBindings Dialog...: Shift + Command + K
0112:Global:Paketti: ∿ Show Paketti Preferences...: Shift + Command + Comma
0113:Global:Paketti: ∿ Show Renoise KeyBindings Dialog...: Command + K
0114:Global:Paketti: ∿ Show XO Plugin External Editor: Control + X
0115:Global:Paketti: ∿ Show/Hide Track DSP and FX Chain Device External Editors: Shift + Command + H
0116:Global:Paketti: ∿ Smart Beatsync from Selection: Shift + Command + S
0117:Global:Paketti: ∿ Snapshot Selected Device to Automation: Shift + Option + S
0118:Global:Paketti: ∿ Start/Stop Sample Recording and Pakettify: Option + F3
0119:Global:Paketti: ∿ Switch Middle Frames: Shift + Option + Z
0120:Global:Paketti: ∿ Switch to Automation Dynamic: A
0121:Global:Paketti: ∿ Toggle EditMode (3rd): Escape
0122:Global:Paketti: ∿ Toggle Mute Tracks: Command + F9
0123:Global:Paketti: ∿ Toggle Paketti Dialog of Dialogs...: Option + F1
0124:Global:Paketti: ∿ Toggle Solo Tracks: Command + F10
0125:Global:Paketti: ∿ TouchOSC Pattern Editor: Option + F2
0126:Global:Paketti: ∿ TouchOSC Sample Editor: Option + Control + F3
0127:Global:Paketti: ∿ TouchOSC Sample Recorder and Record: Shift + Control + Grave
0128:Global:Paketti: ∿ User-Defined Sample Folders...: Shift + Command + U
0129:Global:Paketti: ∿ Wipe Slices: Option + 0
0130:Global:Paketti: ∿ Wipe&Slice (002): Option + 1
0131:Global:Paketti: ∿ Wipe&Slice (004): Option + 2
0132:Global:Paketti: ∿ Wipe&Slice (008): Option + 3
0133:Global:Paketti: ∿ Wipe&Slice (016): Option + 4
0134:Global:Paketti: ∿ Wipe&Slice (032): Option + 5
0135:Global:Paketti: ∿ Wipe&Slice (064): Option + 6
0136:Global:Paketti: ∿ Wipe&Slice (128): Option + 7
0137:Global:Paketti: ∿ Wipe&Slice&Write to Pattern: Shift + Option + 0
0138:Global:Paketti Theme Selector: ∿ Pick a Random Theme (All): Shift + Option + Control + Comma
0139:Global:Paketti Theme Selector: ∿ Pick a Random Theme (Favorites): Shift + Control + Comma
0140:Global:Tools: ∿ Enhanced Phrase Generator: Control + P
0141:Global:Track Devices: ∿ Load D16 Repeater: Shift + Control + D
0142:Global:Track Devices: ∿ Load D16 Syntorus 2: Shift + A
0143:Global:Track Devices: ∿ Load D16 Toraverb 2: Shift + T
0144:Global:Track Devices: ∿ Load FabFilter Pro-Q 3: Shift + Z
0145:Global:Track Devices: ∿ Load George Yohng's W1 2: Shift + W
0146:Global:Track Devices: ∿ Load OhmForce Hematohm: Shift + H
0147:Global:Track Devices: ∿ Load OhmForce Predatohm: Shift + P
0148:Global:Track Devices: ∿ Load Renoise #Line Input: Shift + I
0149:Global:Track Devices: ∿ Load Renoise #Multiband Send: Shift + Control + S
0150:Global:Track Devices: ∿ Load Renoise #Send: Shift + S
0151:Global:Track Devices: ∿ Load Renoise *Formula: Shift + F
0152:Global:Track Devices: ∿ Load Renoise *Instr. Automation: Shift + Control + A
0153:Global:Track Devices: ∿ Load Renoise *Instr. Macros: Shift + M
0154:Global:Track Devices: ∿ Load Renoise *LFO: Shift + L
0155:Global:Track Devices: ∿ Load Renoise Chorus 2 as Vowel Filter: Option + Control + V
0156:Global:Track Devices: ∿ Load Renoise Convolver: Shift + C
0157:Global:Track Devices: ∿ Load Renoise Gainer: Shift + G
0158:Global:Track Devices: ∿ Load Renoise Maximizer: Shift + X
0159:Global:Track Devices: ∿ Load Renoise mpReverb 2: Shift + N
0160:Global:Track Devices: ∿ Load TAL-Reverb 4: Shift + R
0161:Global:Track Devices: ∿ Load U-He Colour Copy: Option + C
0162:Global:Track Devices: ∿ Load ValhallaDelay: Shift + D
0163:Global:Track Devices: ∿ Load ValhallaShimmer: Option + V
0164:Global:Track Devices: ∿ Load ValhallaVintageVerb: Shift + V
0165:Mixer:Device: ∿ Parama Param Decrease: Control + Left
0166:Mixer:Device: ∿ Parama Param Increase: Control + Right
0167:Mixer:Device: ∿ Parama Param Next Parameter: Control + Down
0168:Mixer:Device: ∿ Parama Param Previous Parameter: Control + Up
0169:Mixer:Paketti: ∿ Clean Render Selected Track/Group (WAV Only): Command + R
0170:Mixer:Paketti: ∿ Create Group and Move DSPs: Shift + Control + G
0171:Mixer:Paketti: ∿ Duplicate Track and Instrument: Command + D
0172:Mixer:Paketti: ∿ Impulse Tracker Alt-Left Move Backwards One Channel (Wrap): Option + Left
0173:Mixer:Paketti: ∿ Impulse Tracker Alt-Right Move Forwards One Channel (Wrap): Option + Right
0174:Mixer:Paketti: ∿ Impulse Tracker End *2 behaviour: Option + Down
0175:Mixer:Paketti: ∿ Impulse Tracker Home *2 behaviour: Option + Up
0176:Mixer:Paketti: ∿ Move DSPs to Next Track: Command + Control + Right
0177:Mixer:Paketti: ∿ Move DSPs to Previous Track: Command + Control + Left
0178:Mixer:Paketti: ∿ Move Selected DSP to Next Track: Shift + Control + Right
0179:Mixer:Paketti: ∿ Move Selected DSP to Previous Track: Shift + Control + Left
0180:Mixer:Paketti: ∿ Paketti Pattern Doubler: Command + Grave
0181:Mixer:Paketti: ∿ Paketti Pattern Halver: Shift + Command + Grave
0182:Pattern Editor:Navigation: ∿ Paketti Switch between Note/FX columns: Control + Tab
0183:Pattern Editor:Paketti: ∿ ChordPplus (Add 03): Shift + Option + 3
0184:Pattern Editor:Paketti: ∿ ChordPplus (Add 04): Shift + Option + 4
0185:Pattern Editor:Paketti: ∿ ChordsPlus Random Chord: Shift + Control + 3
0186:Pattern Editor:Paketti: ∿ Clean Render Selected Track/Group (WAV Only): Command + R
0187:Pattern Editor:Paketti: ∿ Clever Note Off Half Before: Command + PeakedBracket
0188:Pattern Editor:Paketti: ∿ Clever Note Off Right After: Option + PeakedBracket
0189:Pattern Editor:Paketti: ∿ Clever Note Off Right Before: Option + Control + PeakedBracket
0190:Pattern Editor:Paketti: ∿ Cycle Chord Inversion Down: Shift + Control + Up
0191:Pattern Editor:Paketti: ∿ Cycle Chord Inversion Up: Control + Up
0192:Pattern Editor:Paketti: ∿ Delay Column Decrease (-1): Control + PeakedBracket
0193:Pattern Editor:Paketti: ∿ Delay Column Decrease Selection/Row (-1): Control + Left
0194:Pattern Editor:Paketti: ∿ Delay Column Decrease Selection/Row (-10): Shift + Control + Left
0195:Pattern Editor:Paketti: ∿ Delay Column Increase (+1): Shift + Control + PeakedBracket
0196:Pattern Editor:Paketti: ∿ Delay Column Increase Selection/Row (+1): Control + Right
0197:Pattern Editor:Paketti: ∿ Delay Column Increase Selection/Row (+10): Shift + Control + Right
0198:Pattern Editor:Paketti: ∿ Duplicate Selection with Padding&Move Cursor 1: Shift + Option + D
0199:Pattern Editor:Paketti: ∿ Duplicate Selection with Padding&Move Cursor 2: Option + D
0200:Pattern Editor:Paketti: ∿ Expose and Select Next Column: Shift + Command + Right
0201:Pattern Editor:Paketti: ∿ Flood Fill Note and Instrument every 5 step: Shift + Option + 5
0202:Pattern Editor:Paketti: ∿ Flood Fill Note and Instrument every 6 step: Shift + Option + 6
0203:Pattern Editor:Paketti: ∿ Flood Fill Note and Instrument every 7 step: Shift + Option + 7
0204:Pattern Editor:Paketti: ∿ Flood Fill Note and Instrument every 9 step: Shift + Option + 9
0205:Pattern Editor:Paketti: ∿ Flood Fill with Selection: Control + F
0206:Pattern Editor:Paketti: ∿ Generate Delay Value on Note Columns: Option + G
0207:Pattern Editor:Paketti: ∿ Hide Current and Select Previous Column: Shift + Command + Left
0208:Pattern Editor:Paketti: ∿ Impulse Tracker ALT-D Double Select W/ Automation: Command + D
0209:Pattern Editor:Paketti: ∿ Impulse Tracker ALT-F Expand Selection: Command + F
0210:Pattern Editor:Paketti: ∿ Impulse Tracker ALT-F Expand Selection Replicate: Shift + Command + F
0211:Pattern Editor:Paketti: ∿ Impulse Tracker ALT-G Shrink Selection: Command + G
0212:Pattern Editor:Paketti: ∿ Impulse Tracker ALT-G Shrink Selection Replicate: Shift + Command + G
0213:Pattern Editor:Paketti: ∿ Impulse Tracker ALT-S Set Selection to Instrument: Command + S
0214:Pattern Editor:Paketti: ∿ Impulse Tracker ALT-U Unmark Selection: Command + U
0215:Pattern Editor:Paketti: ∿ Impulse Tracker Alt-Left Move Backwards One Channel (Wrap): Option + Left
0216:Pattern Editor:Paketti: ∿ Impulse Tracker Alt-Right Move Forwards One Channel (Wrap): Option + Right
0217:Pattern Editor:Paketti: ∿ Impulse Tracker End *2 behaviour: Option + Down
0218:Pattern Editor:Paketti: ∿ Impulse Tracker Home *2 behaviour: Option + Up
0219:Pattern Editor:Paketti: ∿ Impulse Tracker MixPaste: Option + M
0220:Pattern Editor:Paketti: ∿ KapsLock CapsLock Caps Lock Note Off: Capital
0221:Pattern Editor:Paketti: ∿ Match Current Sub Column Selection: Shift + Command + E
0222:Pattern Editor:Paketti: ∿ Note-Off Paste (from Selection): Shift + Option + Control + P
0223:Pattern Editor:Paketti: ∿ Nudge Down: Shift + Command + Down
0224:Pattern Editor:Paketti: ∿ Nudge Up: Shift + Command + Up
0225:Pattern Editor:Paketti: ∿ OctaMED Pick/Put Dialog...: Option + P
0226:Pattern Editor:Paketti: ∿ Open Player Pro Tools Dialog...: Option + W
0227:Pattern Editor:Paketti: ∿ Paketti Pattern Doubler: Command + Grave
0228:Pattern Editor:Paketti: ∿ Paketti Pattern Halver: Shift + Command + Grave
0229:Pattern Editor:Paketti: ∿ Paketti Value Interpolation Looper Dialog...: Control + V
0230:Pattern Editor:Paketti: ∿ Player Pro Transpose Selection or Note Column +1: Command + Q
0231:Pattern Editor:Paketti: ∿ Player Pro Transpose Selection or Note Column +12: Shift + Command + Q
0232:Pattern Editor:Paketti: ∿ Player Pro Transpose Selection or Note Column -1: Command + A
0233:Pattern Editor:Paketti: ∿ Player Pro Transpose Selection or Note Column -12: Shift + Command + A
0234:Pattern Editor:Paketti: ∿ Rename Tracks By Played Samples: Option + Command + Control + R
0235:Pattern Editor:Paketti: ∿ Replicate All Above Current Row : Shift + Control + Down
0236:Pattern Editor:Paketti: ∿ Replicate Selected Track Above Current Row : Control + Down
0237:Pattern Editor:Paketti: ∿ Reverse Notes in Selection: Control + R
0238:Pattern Editor:Paketti: ∿ Rotate Track Content to SelectionStart First: Shift + Option + Command + Up
0239:Pattern Editor:Paketti: ∿ Selection in Pattern to Group: Shift + Control + G
0240:Pattern Editor:Paketti: ∿ Set Pattern Length to 004 (004): Control + 1
0241:Pattern Editor:Paketti: ∿ Set Pattern Length to 008 (008): Control + 2
0242:Pattern Editor:Paketti: ∿ Set Pattern Length to 016 (010): Control + 3
0243:Pattern Editor:Paketti: ∿ Set Pattern Length to 032 (020): Control + 4
0244:Pattern Editor:Paketti: ∿ Set Pattern Length to 064 (040): Control + 5
0245:Pattern Editor:Paketti: ∿ Set Pattern Length to 128 (080): Control + 6
0246:Pattern Editor:Paketti: ∿ Set Pattern Length to 256 (100): Control + 7
0247:Pattern Editor:Paketti: ∿ Set Pattern Length to 512 (200): Control + 8
0248:Pattern Editor:Paketti: ∿ Shift Notes Left: Option + Command + Left
0249:Pattern Editor:Paketti: ∿ Show Only Delay Columns: Shift + Control + 2
0250:Pattern Editor:Paketti: ∿ Show Only Effect Columns: Shift + Control + 6
0251:Pattern Editor:Paketti: ∿ Show Only Panning Columns: Shift + Control + 5
0252:Pattern Editor:Paketti: ∿ Show Only Volume Columns: Shift + Control + 4
0253:Pattern Editor:Paketti: ∿ Shrink to Triplets: Control + T
0254:Pattern Editor:Paketti: ∿ Slide Selected Column Content Down: Command + Control + Down
0255:Pattern Editor:Paketti: ∿ Slide Selected Column Content Up: Command + Control + Up
0256:Pattern Editor:Paketti: ∿ Slide Selected Track Content Down: Option + Command + Down
0257:Pattern Editor:Paketti: ∿ Toggle All Columns: Shift + Control + Q
0258:Pattern Editor:Paketti: ∿ Toggle All Columns (No Sample Effects): Shift + Control + W
0259:Pattern Editor:Paketti: ∿ Toggle Note Off in All Visible Note Columns: Shift + Capital
0260:Pattern Editor:Paketti: ∿ Toggle Note Off in Selected Tracks: Option + Capital
0261:Pattern Editor:Paketti: ∿ Toggle Note Off on All Tracks on Current Row: Control + Capital
0262:Pattern Editor:Paketti: ∿ Transpose +1 Note Column (Selection/Note Column): Option + Command + Q
0263:Pattern Editor:Paketti: ∿ Transpose -1 Note Column (Selection/Note Column): Option + Command + A
0264:Pattern Editor:Paketti: ∿ Transpose Octave Down Note Column (Selection/Note Column): Shift + Option + Command + A
0265:Pattern Editor:Paketti: ∿ Transpose Octave Up Note Column (Selection/Note Column): Shift + Option + Command + Q
0266:Pattern Editor:Paketti: ∿ Write 0Sxx Command Random Slice/Offset: Shift + Control + X
0267:Pattern Editor:Selection: ∿ Impulse Tracker ALT-L Mark Track/Mark Pattern: Command + L
0268:Pattern Sequencer:Paketti: ∿ Keep Sequence Sorted False: Shift + Command + Q
0269:Pattern Sequencer:Paketti: ∿ Keep Sequence Sorted True: Shift + Command + E
0270:Phrase Editor:Paketti: ∿ Delay Column Decrease (-1): Control + Left
0271:Phrase Editor:Paketti: ∿ Delay Column Decrease (-10): Shift + Control + Left
0272:Phrase Editor:Paketti: ∿ Delay Column Increase (+1): Control + Right
0273:Phrase Editor:Paketti: ∿ Delay Column Increase (+10): Shift + Control + Right
0274:Phrase Editor:Paketti: ∿ Expose and Select Next Column: Shift + Command + Right
0275:Phrase Editor:Paketti: ∿ Hide Current and Select Previous Column: Shift + Command + Left
0276:Phrase Editor:Paketti: ∿ Impulse Tracker ALT-D Double Select: Command + D
0277:Phrase Editor:Paketti: ∿ Impulse Tracker ALT-U Unmark Selection: Command + U
0278:Phrase Editor:Paketti: ∿ Impulse Tracker End *2 behaviour: Option + Down
0279:Phrase Editor:Paketti: ∿ Impulse Tracker Home *2 behaviour: Option + Up
0280:Phrase Editor:Paketti: ∿ Replicate Above Current Row : Control + Down
0281:Phrase Editor:Paketti: ∿ Set Phrase Length to 004 (004): Control + 1
0282:Phrase Editor:Paketti: ∿ Set Phrase Length to 008 (008): Control + 2
0283:Phrase Editor:Paketti: ∿ Set Phrase Length to 016 (010): Control + 3
0284:Phrase Editor:Paketti: ∿ Set Phrase Length to 032 (020): Control + 4
0285:Phrase Editor:Paketti: ∿ Set Phrase Length to 064 (040): Control + 5
0286:Phrase Editor:Paketti: ∿ Set Phrase Length to 128 (080): Control + 6
0287:Phrase Editor:Paketti: ∿ Set Phrase Length to 256 (100): Control + 7
0288:Phrase Editor:Paketti: ∿ Set Phrase Length to 512 (200): Control + 8
0289:Sample Editor:Paketti: ∿ Move Slice End Left by 10: Command + Left
0290:Sample Editor:Paketti: ∿ Move Slice End Left by 100: Shift + Command + Left
0291:Sample Editor:Paketti: ∿ Move Slice End Right by 10: Command + Right
0292:Sample Editor:Paketti: ∿ Move Slice End Right by 100: Shift + Command + Right
0293:Sample Editor:Paketti: ∿ Move Slice Start Left by 10: Control + Left
0294:Sample Editor:Paketti: ∿ Move Slice Start Left by 100: Shift + Control + Left
0295:Sample Editor:Paketti: ∿ Move Slice Start Right by 10: Control + Right
0296:Sample Editor:Paketti: ∿ Move Slice Start Right by 100: Shift + Control + Right
0297:Sample Editor:Paketti: ∿ Protracker MOD Modulation...: Option + M
0298:Sample Editor:Paketti: ∿ Reverse Selected Sample or Slice: Command + R
0299:Sample Editor:Paketti: ∿ Rotate Sample Buffer Downwards: Shift + Control + Down
0300:Sample Editor:Paketti: ∿ Rotate Sample Buffer Left 1000: Command + Control + Right
0301:Sample Editor:Paketti: ∿ Rotate Sample Buffer Right 1000: Command + Control + Left
0302:Sample Editor:Paketti: ∿ Rotate Sample Buffer Upwards: Shift + Control + Up
0303:Sample Editor:Paketti: ∿ Select First Half of Sample Buffer: Option + Left
0304:Sample Editor:Paketti: ∿ Select Padded Slice (Previous): Option + W
0305:Sample Editor:Paketti: ∿ Select Second Half of Sample Buffer: Option + Right
0306:Sample Editor:Paketti: ∿ Toggle Loop Range (Selection): Command + L
0307:Sample Editor:Paketti: ∿ Toggle Signed/Unsigned: Option + Command + A
0308:Sample Editor:Paketti: ∿ Unmark / Clear Selection: Command + U
0309:Sample Editor:Process: ∿ Recursive Remove DC Offset: Command + D
0310:Sample Editor:Process: ∿ Recursive Remove DC Offset Random Times: Shift + Option + D
0311:Sample Keyzones:Paketti: ∿ Reverse Selected Sample or Slice: Command + R
